ERROR - 2023-08-24 14:18:20 --> Error connecting to the database: mysqli_sql_exception: Access denied for user ''@'localhost' (using password: NO) in D:\software\xampp\htdocs\smsmit\system\Database\MySQLi\Connection.php:173
Stack trace:
#0 D:\software\xampp\htdocs\smsmit\system\Database\MySQLi\Connection.php(173): mysqli->real_connect('localhost', '', Object(SensitiveParameterValue), '', 3306, '', 0)
#1 D:\software\xampp\htdocs\smsmit\system\Database\BaseConnection.php(391): CodeIgniter\Database\MySQLi\Connection->connect(false)
#2 D:\software\xampp\htdocs\smsmit\system\Database\BaseConnection.php(574): CodeIgniter\Database\BaseConnection->initialize()
#3 D:\software\xampp\htdocs\smsmit\system\Database\BaseBuilder.php(2309): CodeIgniter\Database\BaseConnection->query('INSERT INTO `em...', Array, false)
#4 D:\software\xampp\htdocs\smsmit\system\Model.php(330): CodeIgniter\Database\BaseBuilder->insert()
#5 D:\software\xampp\htdocs\smsmit\system\BaseModel.php(782): CodeIgniter\Model->doInsert(Array)
#6 D:\software\xampp\htdocs\smsmit\system\Model.php(730): CodeIgniter\BaseModel->insert(Array, false)
#7 D:\software\xampp\htdocs\smsmit\system\BaseModel.php(692): CodeIgniter\Model->insert(Array, false)
#8 D:\software\xampp\htdocs\smsmit\app\Controllers\Employee.php(29): CodeIgniter\BaseModel->save(Array)
#9 D:\software\xampp\htdocs\smsmit\system\CodeIgniter.php(932): App\Controllers\Employee->add()
#10 D:\software\xampp\htdocs\smsmit\system\CodeIgniter.php(497): CodeIgniter\CodeIgniter->runController(Object(App\Controllers\Employee))
#11 D:\software\xampp\htdocs\smsmit\system\CodeIgniter.php(366): CodeIgniter\CodeIgniter->handleRequest(NULL, Object(Config\Cache), false)
#12 D:\software\xampp\htdocs\smsmit\index.php(67): CodeIgniter\CodeIgniter->run()
#13 {main}

Next CodeIgniter\Database\Exceptions\DatabaseException: Access denied for user ''@'localhost' (using password: NO) in D:\software\xampp\htdocs\smsmit\system\Database\MySQLi\Connection.php:218
Stack trace:
#0 D:\software\xampp\htdocs\smsmit\system\Database\BaseConnection.php(391): CodeIgniter\Database\MySQLi\Connection->connect(false)
#1 D:\software\xampp\htdocs\smsmit\system\Database\BaseConnection.php(574): CodeIgniter\Database\BaseConnection->initialize()
#2 D:\software\xampp\htdocs\smsmit\system\Database\BaseBuilder.php(2309): CodeIgniter\Database\BaseConnection->query('INSERT INTO `em...', Array, false)
#3 D:\software\xampp\htdocs\smsmit\system\Model.php(330): CodeIgniter\Database\BaseBuilder->insert()
#4 D:\software\xampp\htdocs\smsmit\system\BaseModel.php(782): CodeIgniter\Model->doInsert(Array)
#5 D:\software\xampp\htdocs\smsmit\system\Model.php(730): CodeIgniter\BaseModel->insert(Array, false)
#6 D:\software\xampp\htdocs\smsmit\system\BaseModel.php(692): CodeIgniter\Model->insert(Array, false)
#7 D:\software\xampp\htdocs\smsmit\app\Controllers\Employee.php(29): CodeIgniter\BaseModel->save(Array)
#8 D:\software\xampp\htdocs\smsmit\system\CodeIgniter.php(932): App\Controllers\Employee->add()
#9 D:\software\xampp\htdocs\smsmit\system\CodeIgniter.php(497): CodeIgniter\CodeIgniter->runController(Object(App\Controllers\Employee))
#10 D:\software\xampp\htdocs\smsmit\system\CodeIgniter.php(366): CodeIgniter\CodeIgniter->handleRequest(NULL, Object(Config\Cache), false)
#11 D:\software\xampp\htdocs\smsmit\index.php(67): CodeIgniter\CodeIgniter->run()
#12 {main}
CRITICAL - 2023-08-24 14:18:20 --> Unable to connect to the database.
Main connection [MySQLi]: Access denied for user ''@'localhost' (using password: NO)
in SYSTEMPATH\Database\BaseConnection.php on line 427.
 1 SYSTEMPATH\Database\BaseConnection.php(574): CodeIgniter\Database\BaseConnection->initialize()
 2 SYSTEMPATH\Database\BaseBuilder.php(2309): CodeIgniter\Database\BaseConnection->query('INSERT INTO `employee` (`FirstName`, `LastName`, `Email`, `TelNo`, `Address`, `DOB`, `District`) VALUES (:FirstName:, :LastName:, :Email:, :TelNo:, :Address:, :DOB:, :District:)', [...], false)
 3 SYSTEMPATH\Model.php(330): CodeIgniter\Database\BaseBuilder->insert()
 4 SYSTEMPATH\BaseModel.php(782): CodeIgniter\Model->doInsert([...])
 5 SYSTEMPATH\Model.php(730): CodeIgniter\BaseModel->insert([...], false)
 6 SYSTEMPATH\BaseModel.php(692): CodeIgniter\Model->insert([...], false)
 7 APPPATH\Controllers\Employee.php(29): CodeIgniter\BaseModel->save([...])
 8 SYSTEMPATH\CodeIgniter.php(932): App\Controllers\Employee->add()
 9 SYSTEMPATH\CodeIgniter.php(497): CodeIgniter\CodeIgniter->runController(Object(App\Controllers\Employee))
10 SYSTEMPATH\CodeIgniter.php(366): CodeIgniter\CodeIgniter->handleRequest(null, Object(Config\Cache), false)
11 FCPATH\index.php(67): CodeIgniter\CodeIgniter->run()
ERROR - 2023-08-24 14:20:49 --> Error connecting to the database: mysqli_sql_exception: Access denied for user ''@'localhost' (using password: NO) in D:\software\xampp\htdocs\smsmit\system\Database\MySQLi\Connection.php:173
Stack trace:
#0 D:\software\xampp\htdocs\smsmit\system\Database\MySQLi\Connection.php(173): mysqli->real_connect('localhost', '', Object(SensitiveParameterValue), '', 3306, '', 0)
#1 D:\software\xampp\htdocs\smsmit\system\Database\BaseConnection.php(391): CodeIgniter\Database\MySQLi\Connection->connect(false)
#2 D:\software\xampp\htdocs\smsmit\system\Database\BaseConnection.php(574): CodeIgniter\Database\BaseConnection->initialize()
#3 D:\software\xampp\htdocs\smsmit\system\Database\BaseBuilder.php(2309): CodeIgniter\Database\BaseConnection->query('INSERT INTO `em...', Array, false)
#4 D:\software\xampp\htdocs\smsmit\system\Model.php(330): CodeIgniter\Database\BaseBuilder->insert()
#5 D:\software\xampp\htdocs\smsmit\system\BaseModel.php(782): CodeIgniter\Model->doInsert(Array)
#6 D:\software\xampp\htdocs\smsmit\system\Model.php(730): CodeIgniter\BaseModel->insert(Array, false)
#7 D:\software\xampp\htdocs\smsmit\system\BaseModel.php(692): CodeIgniter\Model->insert(Array, false)
#8 D:\software\xampp\htdocs\smsmit\app\Controllers\Employee.php(29): CodeIgniter\BaseModel->save(Array)
#9 D:\software\xampp\htdocs\smsmit\system\CodeIgniter.php(932): App\Controllers\Employee->add()
#10 D:\software\xampp\htdocs\smsmit\system\CodeIgniter.php(497): CodeIgniter\CodeIgniter->runController(Object(App\Controllers\Employee))
#11 D:\software\xampp\htdocs\smsmit\system\CodeIgniter.php(366): CodeIgniter\CodeIgniter->handleRequest(NULL, Object(Config\Cache), false)
#12 D:\software\xampp\htdocs\smsmit\index.php(67): CodeIgniter\CodeIgniter->run()
#13 {main}

Next CodeIgniter\Database\Exceptions\DatabaseException: Access denied for user ''@'localhost' (using password: NO) in D:\software\xampp\htdocs\smsmit\system\Database\MySQLi\Connection.php:218
Stack trace:
#0 D:\software\xampp\htdocs\smsmit\system\Database\BaseConnection.php(391): CodeIgniter\Database\MySQLi\Connection->connect(false)
#1 D:\software\xampp\htdocs\smsmit\system\Database\BaseConnection.php(574): CodeIgniter\Database\BaseConnection->initialize()
#2 D:\software\xampp\htdocs\smsmit\system\Database\BaseBuilder.php(2309): CodeIgniter\Database\BaseConnection->query('INSERT INTO `em...', Array, false)
#3 D:\software\xampp\htdocs\smsmit\system\Model.php(330): CodeIgniter\Database\BaseBuilder->insert()
#4 D:\software\xampp\htdocs\smsmit\system\BaseModel.php(782): CodeIgniter\Model->doInsert(Array)
#5 D:\software\xampp\htdocs\smsmit\system\Model.php(730): CodeIgniter\BaseModel->insert(Array, false)
#6 D:\software\xampp\htdocs\smsmit\system\BaseModel.php(692): CodeIgniter\Model->insert(Array, false)
#7 D:\software\xampp\htdocs\smsmit\app\Controllers\Employee.php(29): CodeIgniter\BaseModel->save(Array)
#8 D:\software\xampp\htdocs\smsmit\system\CodeIgniter.php(932): App\Controllers\Employee->add()
#9 D:\software\xampp\htdocs\smsmit\system\CodeIgniter.php(497): CodeIgniter\CodeIgniter->runController(Object(App\Controllers\Employee))
#10 D:\software\xampp\htdocs\smsmit\system\CodeIgniter.php(366): CodeIgniter\CodeIgniter->handleRequest(NULL, Object(Config\Cache), false)
#11 D:\software\xampp\htdocs\smsmit\index.php(67): CodeIgniter\CodeIgniter->run()
#12 {main}
CRITICAL - 2023-08-24 14:20:49 --> Unable to connect to the database.
Main connection [MySQLi]: Access denied for user ''@'localhost' (using password: NO)
in SYSTEMPATH\Database\BaseConnection.php on line 427.
 1 SYSTEMPATH\Database\BaseConnection.php(574): CodeIgniter\Database\BaseConnection->initialize()
 2 SYSTEMPATH\Database\BaseBuilder.php(2309): CodeIgniter\Database\BaseConnection->query('INSERT INTO `employee` (`FirstName`, `LastName`, `Email`, `TelNo`, `Address`, `DOB`, `District`) VALUES (:FirstName:, :LastName:, :Email:, :TelNo:, :Address:, :DOB:, :District:)', [...], false)
 3 SYSTEMPATH\Model.php(330): CodeIgniter\Database\BaseBuilder->insert()
 4 SYSTEMPATH\BaseModel.php(782): CodeIgniter\Model->doInsert([...])
 5 SYSTEMPATH\Model.php(730): CodeIgniter\BaseModel->insert([...], false)
 6 SYSTEMPATH\BaseModel.php(692): CodeIgniter\Model->insert([...], false)
 7 APPPATH\Controllers\Employee.php(29): CodeIgniter\BaseModel->save([...])
 8 SYSTEMPATH\CodeIgniter.php(932): App\Controllers\Employee->add()
 9 SYSTEMPATH\CodeIgniter.php(497): CodeIgniter\CodeIgniter->runController(Object(App\Controllers\Employee))
10 SYSTEMPATH\CodeIgniter.php(366): CodeIgniter\CodeIgniter->handleRequest(null, Object(Config\Cache), false)
11 FCPATH\index.php(67): CodeIgniter\CodeIgniter->run()
ERROR - 2023-08-24 14:22:36 --> Error connecting to the database: mysqli_sql_exception: Access denied for user ''@'localhost' (using password: NO) in D:\software\xampp\htdocs\smsmit\system\Database\MySQLi\Connection.php:173
Stack trace:
#0 D:\software\xampp\htdocs\smsmit\system\Database\MySQLi\Connection.php(173): mysqli->real_connect('localhost', '', Object(SensitiveParameterValue), '', 3306, '', 0)
#1 D:\software\xampp\htdocs\smsmit\system\Database\BaseConnection.php(391): CodeIgniter\Database\MySQLi\Connection->connect(false)
#2 D:\software\xampp\htdocs\smsmit\system\Database\BaseConnection.php(574): CodeIgniter\Database\BaseConnection->initialize()
#3 D:\software\xampp\htdocs\smsmit\system\Database\BaseBuilder.php(2309): CodeIgniter\Database\BaseConnection->query('INSERT INTO `em...', Array, false)
#4 D:\software\xampp\htdocs\smsmit\system\Model.php(330): CodeIgniter\Database\BaseBuilder->insert()
#5 D:\software\xampp\htdocs\smsmit\system\BaseModel.php(782): CodeIgniter\Model->doInsert(Array)
#6 D:\software\xampp\htdocs\smsmit\system\Model.php(730): CodeIgniter\BaseModel->insert(Array, false)
#7 D:\software\xampp\htdocs\smsmit\system\BaseModel.php(692): CodeIgniter\Model->insert(Array, false)
#8 D:\software\xampp\htdocs\smsmit\app\Controllers\Employee.php(29): CodeIgniter\BaseModel->save(Array)
#9 D:\software\xampp\htdocs\smsmit\system\CodeIgniter.php(932): App\Controllers\Employee->add()
#10 D:\software\xampp\htdocs\smsmit\system\CodeIgniter.php(497): CodeIgniter\CodeIgniter->runController(Object(App\Controllers\Employee))
#11 D:\software\xampp\htdocs\smsmit\system\CodeIgniter.php(366): CodeIgniter\CodeIgniter->handleRequest(NULL, Object(Config\Cache), false)
#12 D:\software\xampp\htdocs\smsmit\index.php(67): CodeIgniter\CodeIgniter->run()
#13 {main}

Next CodeIgniter\Database\Exceptions\DatabaseException: Access denied for user ''@'localhost' (using password: NO) in D:\software\xampp\htdocs\smsmit\system\Database\MySQLi\Connection.php:218
Stack trace:
#0 D:\software\xampp\htdocs\smsmit\system\Database\BaseConnection.php(391): CodeIgniter\Database\MySQLi\Connection->connect(false)
#1 D:\software\xampp\htdocs\smsmit\system\Database\BaseConnection.php(574): CodeIgniter\Database\BaseConnection->initialize()
#2 D:\software\xampp\htdocs\smsmit\system\Database\BaseBuilder.php(2309): CodeIgniter\Database\BaseConnection->query('INSERT INTO `em...', Array, false)
#3 D:\software\xampp\htdocs\smsmit\system\Model.php(330): CodeIgniter\Database\BaseBuilder->insert()
#4 D:\software\xampp\htdocs\smsmit\system\BaseModel.php(782): CodeIgniter\Model->doInsert(Array)
#5 D:\software\xampp\htdocs\smsmit\system\Model.php(730): CodeIgniter\BaseModel->insert(Array, false)
#6 D:\software\xampp\htdocs\smsmit\system\BaseModel.php(692): CodeIgniter\Model->insert(Array, false)
#7 D:\software\xampp\htdocs\smsmit\app\Controllers\Employee.php(29): CodeIgniter\BaseModel->save(Array)
#8 D:\software\xampp\htdocs\smsmit\system\CodeIgniter.php(932): App\Controllers\Employee->add()
#9 D:\software\xampp\htdocs\smsmit\system\CodeIgniter.php(497): CodeIgniter\CodeIgniter->runController(Object(App\Controllers\Employee))
#10 D:\software\xampp\htdocs\smsmit\system\CodeIgniter.php(366): CodeIgniter\CodeIgniter->handleRequest(NULL, Object(Config\Cache), false)
#11 D:\software\xampp\htdocs\smsmit\index.php(67): CodeIgniter\CodeIgniter->run()
#12 {main}
CRITICAL - 2023-08-24 14:22:36 --> Unable to connect to the database.
Main connection [MySQLi]: Access denied for user ''@'localhost' (using password: NO)
in SYSTEMPATH\Database\BaseConnection.php on line 427.
 1 SYSTEMPATH\Database\BaseConnection.php(574): CodeIgniter\Database\BaseConnection->initialize()
 2 SYSTEMPATH\Database\BaseBuilder.php(2309): CodeIgniter\Database\BaseConnection->query('INSERT INTO `employee` (`FirstName`, `LastName`, `Email`, `TelNo`, `Address`, `DOB`, `District`) VALUES (:FirstName:, :LastName:, :Email:, :TelNo:, :Address:, :DOB:, :District:)', [...], false)
 3 SYSTEMPATH\Model.php(330): CodeIgniter\Database\BaseBuilder->insert()
 4 SYSTEMPATH\BaseModel.php(782): CodeIgniter\Model->doInsert([...])
 5 SYSTEMPATH\Model.php(730): CodeIgniter\BaseModel->insert([...], false)
 6 SYSTEMPATH\BaseModel.php(692): CodeIgniter\Model->insert([...], false)
 7 APPPATH\Controllers\Employee.php(29): CodeIgniter\BaseModel->save([...])
 8 SYSTEMPATH\CodeIgniter.php(932): App\Controllers\Employee->add()
 9 SYSTEMPATH\CodeIgniter.php(497): CodeIgniter\CodeIgniter->runController(Object(App\Controllers\Employee))
10 SYSTEMPATH\CodeIgniter.php(366): CodeIgniter\CodeIgniter->handleRequest(null, Object(Config\Cache), false)
11 FCPATH\index.php(67): CodeIgniter\CodeIgniter->run()
ERROR - 2023-08-24 14:22:43 --> Error connecting to the database: mysqli_sql_exception: Access denied for user ''@'localhost' (using password: NO) in D:\software\xampp\htdocs\smsmit\system\Database\MySQLi\Connection.php:173
Stack trace:
#0 D:\software\xampp\htdocs\smsmit\system\Database\MySQLi\Connection.php(173): mysqli->real_connect('localhost', '', Object(SensitiveParameterValue), '', 3306, '', 0)
#1 D:\software\xampp\htdocs\smsmit\system\Database\BaseConnection.php(391): CodeIgniter\Database\MySQLi\Connection->connect(false)
#2 D:\software\xampp\htdocs\smsmit\system\Database\BaseConnection.php(574): CodeIgniter\Database\BaseConnection->initialize()
#3 D:\software\xampp\htdocs\smsmit\system\Database\BaseBuilder.php(2309): CodeIgniter\Database\BaseConnection->query('INSERT INTO `em...', Array, false)
#4 D:\software\xampp\htdocs\smsmit\system\Model.php(330): CodeIgniter\Database\BaseBuilder->insert()
#5 D:\software\xampp\htdocs\smsmit\system\BaseModel.php(782): CodeIgniter\Model->doInsert(Array)
#6 D:\software\xampp\htdocs\smsmit\system\Model.php(730): CodeIgniter\BaseModel->insert(Array, false)
#7 D:\software\xampp\htdocs\smsmit\system\BaseModel.php(692): CodeIgniter\Model->insert(Array, false)
#8 D:\software\xampp\htdocs\smsmit\app\Controllers\Employee.php(29): CodeIgniter\BaseModel->save(Array)
#9 D:\software\xampp\htdocs\smsmit\system\CodeIgniter.php(932): App\Controllers\Employee->add()
#10 D:\software\xampp\htdocs\smsmit\system\CodeIgniter.php(497): CodeIgniter\CodeIgniter->runController(Object(App\Controllers\Employee))
#11 D:\software\xampp\htdocs\smsmit\system\CodeIgniter.php(366): CodeIgniter\CodeIgniter->handleRequest(NULL, Object(Config\Cache), false)
#12 D:\software\xampp\htdocs\smsmit\index.php(67): CodeIgniter\CodeIgniter->run()
#13 {main}

Next CodeIgniter\Database\Exceptions\DatabaseException: Access denied for user ''@'localhost' (using password: NO) in D:\software\xampp\htdocs\smsmit\system\Database\MySQLi\Connection.php:218
Stack trace:
#0 D:\software\xampp\htdocs\smsmit\system\Database\BaseConnection.php(391): CodeIgniter\Database\MySQLi\Connection->connect(false)
#1 D:\software\xampp\htdocs\smsmit\system\Database\BaseConnection.php(574): CodeIgniter\Database\BaseConnection->initialize()
#2 D:\software\xampp\htdocs\smsmit\system\Database\BaseBuilder.php(2309): CodeIgniter\Database\BaseConnection->query('INSERT INTO `em...', Array, false)
#3 D:\software\xampp\htdocs\smsmit\system\Model.php(330): CodeIgniter\Database\BaseBuilder->insert()
#4 D:\software\xampp\htdocs\smsmit\system\BaseModel.php(782): CodeIgniter\Model->doInsert(Array)
#5 D:\software\xampp\htdocs\smsmit\system\Model.php(730): CodeIgniter\BaseModel->insert(Array, false)
#6 D:\software\xampp\htdocs\smsmit\system\BaseModel.php(692): CodeIgniter\Model->insert(Array, false)
#7 D:\software\xampp\htdocs\smsmit\app\Controllers\Employee.php(29): CodeIgniter\BaseModel->save(Array)
#8 D:\software\xampp\htdocs\smsmit\system\CodeIgniter.php(932): App\Controllers\Employee->add()
#9 D:\software\xampp\htdocs\smsmit\system\CodeIgniter.php(497): CodeIgniter\CodeIgniter->runController(Object(App\Controllers\Employee))
#10 D:\software\xampp\htdocs\smsmit\system\CodeIgniter.php(366): CodeIgniter\CodeIgniter->handleRequest(NULL, Object(Config\Cache), false)
#11 D:\software\xampp\htdocs\smsmit\index.php(67): CodeIgniter\CodeIgniter->run()
#12 {main}
CRITICAL - 2023-08-24 14:22:43 --> Unable to connect to the database.
Main connection [MySQLi]: Access denied for user ''@'localhost' (using password: NO)
in SYSTEMPATH\Database\BaseConnection.php on line 427.
 1 SYSTEMPATH\Database\BaseConnection.php(574): CodeIgniter\Database\BaseConnection->initialize()
 2 SYSTEMPATH\Database\BaseBuilder.php(2309): CodeIgniter\Database\BaseConnection->query('INSERT INTO `employee` (`FirstName`, `LastName`, `Email`, `TelNo`, `Address`, `DOB`, `District`) VALUES (:FirstName:, :LastName:, :Email:, :TelNo:, :Address:, :DOB:, :District:)', [...], false)
 3 SYSTEMPATH\Model.php(330): CodeIgniter\Database\BaseBuilder->insert()
 4 SYSTEMPATH\BaseModel.php(782): CodeIgniter\Model->doInsert([...])
 5 SYSTEMPATH\Model.php(730): CodeIgniter\BaseModel->insert([...], false)
 6 SYSTEMPATH\BaseModel.php(692): CodeIgniter\Model->insert([...], false)
 7 APPPATH\Controllers\Employee.php(29): CodeIgniter\BaseModel->save([...])
 8 SYSTEMPATH\CodeIgniter.php(932): App\Controllers\Employee->add()
 9 SYSTEMPATH\CodeIgniter.php(497): CodeIgniter\CodeIgniter->runController(Object(App\Controllers\Employee))
10 SYSTEMPATH\CodeIgniter.php(366): CodeIgniter\CodeIgniter->handleRequest(null, Object(Config\Cache), false)
11 FCPATH\index.php(67): CodeIgniter\CodeIgniter->run()
